c:\users\елена\documents\visual studio 2015\projects\des_encrypt\des_encrypt\des_encrypt\debug\vc140.pdb
c:\users\елена\documents\visual studio 2015\projects\des_encrypt\des_encrypt\des_encrypt\debug\vc140.idb
c:\users\елена\documents\visual studio 2015\projects\des_encrypt\des_encrypt\des_encrypt\debug\main.obj
c:\users\елена\documents\visual studio 2015\projects\des_encrypt\des_encrypt\des_encrypt\debug\tables.obj
c:\users\елена\documents\visual studio 2015\projects\des_encrypt\des_encrypt\des_encrypt\debug\main.obj.enc
c:\users\елена\documents\visual studio 2015\projects\des_encrypt\des_encrypt\debug\des_encrypt.pdb
c:\users\елена\documents\visual studio 2015\projects\des_encrypt\des_encrypt\des_encrypt\debug\des_encrypt.tlog\cl.command.1.tlog
c:\users\елена\documents\visual studio 2015\projects\des_encrypt\des_encrypt\des_encrypt\debug\des_encrypt.tlog\cl.read.1.tlog
c:\users\елена\documents\visual studio 2015\projects\des_encrypt\des_encrypt\des_encrypt\debug\des_encrypt.tlog\cl.write.1.tlog
c:\users\елена\documents\visual studio 2015\projects\des_encrypt\des_encrypt\des_encrypt\debug\des_encrypt.tlog\link-cvtres.read.1.tlog
c:\users\елена\documents\visual studio 2015\projects\des_encrypt\des_encrypt\des_encrypt\debug\des_encrypt.tlog\link-cvtres.write.1.tlog
c:\users\елена\documents\visual studio 2015\projects\des_encrypt\des_encrypt\des_encrypt\debug\des_encrypt.tlog\link-rc.read.1.tlog
c:\users\елена\documents\visual studio 2015\projects\des_encrypt\des_encrypt\des_encrypt\debug\des_encrypt.tlog\link-rc.write.1.tlog
c:\users\елена\documents\visual studio 2015\projects\des_encrypt\des_encrypt\des_encrypt\debug\des_encrypt.tlog\link.9740-cvtres.read.1.tlog
c:\users\елена\documents\visual studio 2015\projects\des_encrypt\des_encrypt\des_encrypt\debug\des_encrypt.tlog\link.9740-cvtres.write.1.tlog
c:\users\елена\documents\visual studio 2015\projects\des_encrypt\des_encrypt\des_encrypt\debug\des_encrypt.tlog\link.9740-rc.read.1.tlog
c:\users\елена\documents\visual studio 2015\projects\des_encrypt\des_encrypt\des_encrypt\debug\des_encrypt.tlog\link.9740-rc.write.1.tlog
c:\users\елена\documents\visual studio 2015\projects\des_encrypt\des_encrypt\des_encrypt\debug\des_encrypt.tlog\link.9740.read.1.tlog
c:\users\елена\documents\visual studio 2015\projects\des_encrypt\des_encrypt\des_encrypt\debug\des_encrypt.tlog\link.9740.write.1.tlog
c:\users\елена\documents\visual studio 2015\projects\des_encrypt\des_encrypt\des_encrypt\debug\des_encrypt.tlog\link.command.1.tlog
c:\users\елена\documents\visual studio 2015\projects\des_encrypt\des_encrypt\des_encrypt\debug\des_encrypt.tlog\link.read.1.tlog
c:\users\елена\documents\visual studio 2015\projects\des_encrypt\des_encrypt\des_encrypt\debug\des_encrypt.tlog\link.write.1.tlog
